<?xml version="1.0" encoding="UTF-8"?>
<!-- Generated by org.testng.reporters.JUnitReportReporter -->
<testsuite skipped="0" hostname="IBM766-PB1HCBY" name="com.test.Amazon" tests="1" failures="0" timestamp="15 Aug 2017 00:43:34 GMT" time="16.825" errors="0">
  <testcase name="startappliction" time="16.825" classname="com.test.Amazon"/>
</testsuite> <!-- com.test.Amazon -->
